<?xml version="1.0" encoding="UTF-8"?>
<!-- Generated by org.testng.reporters.JUnitXMLReporter -->
<testsuite hostname="YECOLNEA186" ignored="8" name="Default test" tests="4" failures="1" timestamp="02 Mar 2018 06:28:28 GMT" time="104.485" errors="0">
  <testcase name="Test_createAccount" time="44.976" classname="cnpp.SanityCheck.test.Severity_sanity_check"/>
  <testcase name="Test_login" time="43.915" classname="cnpp.SanityCheck.test.Severity_sanity_check"/>
  <testcase name="Test_addProductToCart" time="0.05" classname="cnpp.SanityCheck.test.Severity_sanity_check">
    <failure type="org.openqa.selenium.NoSuchElementException" message="Unable to locate element: #search\-autocomplete
For documentation on this error, please visit: http://seleniumhq.org/exceptions/no_such_element.html
Build info: version: &amp;apos;3.8.1&amp;apos;, revision: &amp;apos;6e95a6684b&amp;apos;, time: &amp;apos;2017-12-01T18:33:54.468Z&amp;apos;
System info: host: &amp;apos;YECOLNEA186&amp;apos;, ip: &amp;apos;10.66.57.53&amp;apos;, os.name: &amp;apos;Windows 7&amp;apos;, os.arch: &amp;apos;amd64&amp;apos;, os.version: &amp;apos;6.1&amp;apos;, java.version: &amp;apos;1.8.0_141&amp;apos;
Driver info: org.openqa.selenium.remote.RemoteWebDriver
Capabilities {acceptInsecureCerts: true, browserName: firefox, browserVersion: 58.0, javascriptEnabled: true, moz:accessibilityChecks: false, moz:headless: false, moz:processID: 27500, moz:profile: D:\Users\WenyiLU\AppData\Lo..., moz:webdriverClick: true, pageLoadStrategy: normal, platform: XP, platformName: XP, platformVersion: 6.1, rotatable: false, timeouts: {implicit: 0, pageLoad: 300000, script: 30000}}
Session ID: 36fd02f7-043e-460e-94a8-bffb1fd51b70
*** Element info: {Using=id, value=search-autocomplete}">
      <![CDATA[org.openqa.selenium.NoSuchElementException: Unable to locate element: #search\-autocomplete
For documentation on this error, please visit: http://seleniumhq.org/exceptions/no_such_element.html
Build info: version: '3.8.1', revision: '6e95a6684b', time: '2017-12-01T18:33:54.468Z'
System info: host: 'YECOLNEA186', ip: '10.66.57.53', os.name: 'Windows 7', os.arch: 'amd64', os.version: '6.1', java.version: '1.8.0_141'
Driver info: org.openqa.selenium.remote.RemoteWebDriver
Capabilities {acceptInsecureCerts: true, browserName: firefox, browserVersion: 58.0, javascriptEnabled: true, moz:accessibilityChecks: false, moz:headless: false, moz:processID: 27500, moz:profile: D:\Users\WenyiLU\AppData\Lo..., moz:webdriverClick: true, pageLoadStrategy: normal, platform: XP, platformName: XP, platformVersion: 6.1, rotatable: false, timeouts: {implicit: 0, pageLoad: 300000, script: 30000}}
Session ID: 36fd02f7-043e-460e-94a8-bffb1fd51b70
*** Element info: {Using=id, value=search-autocomplete}
at sun.reflect.NativeConstructorAccessorImpl.newInstance0(Native Method)
at sun.reflect.NativeConstructorAccessorImpl.newInstance(Unknown Source)
at sun.reflect.DelegatingConstructorAccessorImpl.newInstance(Unknown Source)
at java.lang.reflect.Constructor.newInstance(Unknown Source)
at org.openqa.selenium.remote.http.W3CHttpResponseCodec.createException(W3CHttpResponseCodec.java:187)
at org.openqa.selenium.remote.http.W3CHttpResponseCodec.decode(W3CHttpResponseCodec.java:122)
at org.openqa.selenium.remote.http.W3CHttpResponseCodec.decode(W3CHttpResponseCodec.java:49)
at org.openqa.selenium.remote.HttpCommandExecutor.execute(HttpCommandExecutor.java:164)
at org.openqa.selenium.remote.RemoteWebDriver.execute(RemoteWebDriver.java:601)
at org.openqa.selenium.remote.RemoteWebDriver.findElement(RemoteWebDriver.java:371)
at org.openqa.selenium.remote.RemoteWebDriver.findElementById(RemoteWebDriver.java:417)
at org.openqa.selenium.By$ById.findElement(By.java:218)
at org.openqa.selenium.remote.RemoteWebDriver.findElement(RemoteWebDriver.java:363)
at org.openqa.selenium.support.pagefactory.DefaultElementLocator.findElement(DefaultElementLocator.java:69)
at org.openqa.selenium.support.pagefactory.internal.LocatingElementHandler.invoke(LocatingElementHandler.java:38)
at com.sun.proxy.$Proxy10.sendKeys(Unknown Source)
at cnpp.PageObjects.HomePageObject.input_search_input(HomePageObject.java:24)
at cnpp.SanityCheck.test.Severity_sanity_check.Test_addProductToCart(Severity_sanity_check.java:46)
at sun.reflect.NativeMethodAccessorImpl.invoke0(Native Method)
at sun.reflect.NativeMethodAccessorImpl.invoke(Unknown Source)
at sun.reflect.DelegatingMethodAccessorImpl.invoke(Unknown Source)
at java.lang.reflect.Method.invoke(Unknown Source)
at org.testng.internal.MethodInvocationHelper.invokeMethod(MethodInvocationHelper.java:124)
at org.testng.internal.Invoker.invokeMethod(Invoker.java:580)
at org.testng.internal.Invoker.invokeTestMethod(Invoker.java:716)
at org.testng.internal.Invoker.invokeTestMethods(Invoker.java:988)
at org.testng.internal.TestMethodWorker.invokeTestMethods(TestMethodWorker.java:125)
at org.testng.internal.TestMethodWorker.run(TestMethodWorker.java:109)
at org.testng.TestRunner.privateRun(TestRunner.java:648)
at org.testng.TestRunner.run(TestRunner.java:505)
at org.testng.SuiteRunner.runTest(SuiteRunner.java:455)
at org.testng.SuiteRunner.runSequentially(SuiteRunner.java:450)
at org.testng.SuiteRunner.privateRun(SuiteRunner.java:415)
at org.testng.SuiteRunner.run(SuiteRunner.java:364)
at org.testng.SuiteRunnerWorker.runSuite(SuiteRunnerWorker.java:52)
at org.testng.SuiteRunnerWorker.run(SuiteRunnerWorker.java:84)
at org.testng.TestNG.runSuitesSequentially(TestNG.java:1208)
at org.testng.TestNG.runSuitesLocally(TestNG.java:1137)
at org.testng.TestNG.runSuites(TestNG.java:1049)
at org.testng.TestNG.run(TestNG.java:1017)
at org.testng.remote.AbstractRemoteTestNG.run(AbstractRemoteTestNG.java:114)
at org.testng.remote.RemoteTestNG.initAndRun(RemoteTestNG.java:251)
at org.testng.remote.RemoteTestNG.main(RemoteTestNG.java:77)
]]>
    </failure>
  </testcase> <!-- Test_addProductToCart -->
  <testcase name="Test_homedelivery" time="0.0" classname="cnpp.SanityCheck.test.Severity_sanity_check">
    <skipped/>
  </testcase> <!-- Test_homedelivery -->
  <testcase name="SearchHintsPopupResults" time="0.0" classname="cnpp.SanityCheck.test.Severity_sanity_check">
    <ignored/>
  </testcase> <!-- SearchHintsPopupResults -->
  <testcase name="ValidPhoneAndValidName" time="0.0" classname="cnpp.SanityCheck.test.Severity_sanity_check">
    <ignored/>
  </testcase> <!-- ValidPhoneAndValidName -->
  <testcase name="PostAReviewLlik" time="0.0" classname="cnpp.SanityCheck.test.Severity_sanity_check">
    <ignored/>
  </testcase> <!-- PostAReviewLlik -->
  <testcase name="Logout" time="0.0" classname="cnpp.SanityCheck.test.Severity_sanity_check">
    <ignored/>
  </testcase> <!-- Logout -->
  <testcase name="LoginRestartBrowserAndLoginAgain" time="0.0" classname="cnpp.SanityCheck.test.Severity_sanity_check">
    <ignored/>
  </testcase> <!-- LoginRestartBrowserAndLoginAgain -->
  <testcase name="NotLoginItConnects" time="0.0" classname="cnpp.SanityCheck.test.Severity_sanity_check">
    <ignored/>
  </testcase> <!-- NotLoginItConnects -->
  <testcase name="ChangePageLanguage" time="0.0" classname="cnpp.SanityCheck.test.Severity_sanity_check">
    <ignored/>
  </testcase> <!-- ChangePageLanguage -->
  <testcase name="Test_PayWithEBank" time="0.0" classname="cnpp.SanityCheck.test.Severity_sanity_check">
    <ignored/>
  </testcase> <!-- Test_PayWithEBank -->
</testsuite> <!-- Default test -->
